#-----------------------------------------------------------
# Vivado v2016.4 (64-bit)
# SW Build 1756540 on Mon Jan 23 19:11:23 MST 2017
# IP Build 1755317 on Mon Jan 23 20:30:07 MST 2017
# Start of session at: Tue Mar 05 22:39:56 2024
# Process ID: 8844
# Current directory: C:/Users/teopa/Documents/10765765
# Command line: vivado.exe -gui_launcher_event rodinguilauncherevent13624 C:\Users\teopa\Documents\10765765\10765765.xpr
# Log file: C:/Users/teopa/Documents/10765765/vivado.log
# Journal file: C:/Users/teopa/Documents/10765765\vivado.jou
#-----------------------------------------------------------
start_gui
open_project C:/Users/teopa/Documents/10765765/10765765.xpr
Scanning sources...
Finished scanning sources
INFO: [IP_Flow 19-234] Refreshing IP repositories
INFO: [IP_Flow 19-1704] No user IP repositories specified
INFO: [IP_Flow 19-2313] Loaded Vivado IP repository 'C:/Xilinx/Vivado/2016.4/data/ip'.
eexit
INFO: [Common 17-206] Exiting Vivado at Tue Mar 05 22:41:18 2024...
